<?xml version="1.0" encoding="UTF-8"?>
<!-- Generated by org.testng.reporters.JUnitXMLReporter -->
<testsuite hostname="MAVRLT344" ignored="1" name="CHROME" tests="1" failures="0" timestamp="09 Aug 2019 10:14:33 GMT" time="8.104" errors="0">
  <testcase name="[RTP-2605]_[Demo_001]_Testcase_Demo" time="7.468" classname="com.qmetry.qaf.automation.step.client.DataDrivenScenario"/>
  <testcase name="[RTP-2605]_[Demo_001]_Testcase_Demo" time="0.0" classname="com.qmetry.qaf.automation.step.client.DataDrivenScenario">
    <ignored/>
  </testcase> <!-- [RTP-2605]_[Demo_001]_Testcase_Demo -->
</testsuite> <!-- CHROME -->
